<?xml version="1.0" encoding="utf-8"?><testsuites name="pytest tests"><testsuite name="pytest" errors="0" failures="0" skipped="0" tests="16" time="4.397" timestamp="2026-03-01T15:31:20.530895+00:00" hostname="agent-env-4046ee04-fbe2-4adf-8a3c-d955ab9493ed"><testcase classname="backend.tests.test_auth_and_projects.TestHealthCheck" name="test_health_check" time="0.187" /><testcase classname="backend.tests.test_auth_and_projects.TestHealthCheck" name="test_root_endpoint" time="0.103" /><testcase classname="backend.tests.test_auth_and_projects.TestUserRegistration" name="test_register_new_user" time="0.337" /><testcase classname="backend.tests.test_auth_and_projects.TestUserRegistration" name="test_register_duplicate_email" time="0.473" /><testcase classname="backend.tests.test_auth_and_projects.TestUserRegistration" name="test_register_invalid_email" time="0.108" /><testcase classname="backend.tests.test_auth_and_projects.TestUserLogin" name="test_login_success" time="0.650" /><testcase classname="backend.tests.test_auth_and_projects.TestUserLogin" name="test_login_invalid_password" time="0.392" /><testcase classname="backend.tests.test_auth_and_projects.TestUserLogin" name="test_login_nonexistent_user" time="0.113" /><testcase classname="backend.tests.test_auth_and_projects.TestAuthenticatedEndpoints" name="test_get_me_authenticated" time="0.435" /><testcase classname="backend.tests.test_auth_and_projects.TestAuthenticatedEndpoints" name="test_get_me_no_token" time="0.122" /><testcase classname="backend.tests.test_auth_and_projects.TestAuthenticatedEndpoints" name="test_get_me_invalid_token" time="0.110" /><testcase classname="backend.tests.test_auth_and_projects.TestProjectCRUD" name="test_create_project" time="0.436" /><testcase classname="backend.tests.test_auth_and_projects.TestProjectCRUD" name="test_create_and_get_project" time="0.102" /><testcase classname="backend.tests.test_auth_and_projects.TestProjectCRUD" name="test_list_projects" time="0.053" /><testcase classname="backend.tests.test_auth_and_projects.TestProjectCRUD" name="test_delete_project" time="0.179" /><testcase classname="backend.tests.test_auth_and_projects.TestProjectAgents" name="test_get_project_agents" time="0.480" /></testsuite></testsuites>