<?xml version="1.0" encoding="utf-8"?><testsuites name="pytest tests"><testsuite name="pytest" errors="0" failures="1" skipped="0" tests="13" time="250.110" timestamp="2026-03-01T15:58:45.991816+00:00" hostname="agent-env-4046ee04-fbe2-4adf-8a3c-d955ab9493ed"><testcase classname="backend.tests.test_funding_kit.TestFundingKitEndpoints" name="test_generate_funding_kit_complete" time="60.588"><failure message="AssertionError: Funding kit generation failed: The preview environment is not responding. It may be starting up.&#10;  &#10;assert 502 == 200&#10; +  where 502 = &lt;Response [502]&gt;.status_code">backend/tests/test_funding_kit.py:72: in test_generate_funding_kit_complete
    assert response.status_code == 200, f"Funding kit generation failed: {response.text}"
E   AssertionError: Funding kit generation failed: The preview environment is not responding. It may be starting up.
E     
E   assert 502 == 200
E    +  where 502 = &lt;Response [502]&gt;.status_code</failure></testcase><testcase classname="backend.tests.test_funding_kit.TestFundingKitEndpoints" name="test_get_funding_kit" time="68.016" /><testcase classname="backend.tests.test_funding_kit.TestFundingKitEndpoints" name="test_funding_kit_not_found" time="0.055" /><testcase classname="backend.tests.test_funding_kit.TestFundingKitEndpoints" name="test_funding_kit_unauthenticated" time="0.151" /><testcase classname="backend.tests.test_funding_kit.TestLogoGeneration" name="test_generate_logo_modern_style" time="17.256" /><testcase classname="backend.tests.test_funding_kit.TestLogoGeneration" name="test_get_project_logos" time="0.287" /><testcase classname="backend.tests.test_funding_kit.TestLogoGeneration" name="test_generate_logo_invalid_project" time="0.064" /><testcase classname="backend.tests.test_funding_kit.TestVideoGeneration" name="test_get_project_videos" time="0.538" /><testcase classname="backend.tests.test_funding_kit.TestVideoGeneration" name="test_generate_video_invalid_project" time="0.051" /><testcase classname="backend.tests.test_funding_kit.TestFundingKitInvestorData" name="test_investor_profiles_structure" time="17.417" /><testcase classname="backend.tests.test_funding_kit.TestFundingKitInvestorData" name="test_investor_types_variety" time="0.000" /><testcase classname="backend.tests.test_funding_kit.TestFundingKitCrowdfunding" name="test_crowdfunding_strategies_structure" time="57.399" /><testcase classname="backend.tests.test_funding_kit.TestFundingKitOutreach" name="test_outreach_templates_structure" time="28.208" /></testsuite></testsuites>