<?xml version="1.0" encoding="utf-8"?><testsuites name="pytest tests"><testsuite name="pytest" errors="2" failures="0" skipped="0" tests="23" time="6.378" timestamp="2026-03-01T20:06:17.444605+00:00" hostname="agent-env-4046ee04-fbe2-4adf-8a3c-d955ab9493ed"><testcase classname="backend.tests.test_auth_security.TestHealthCheck" name="test_api_health" time="0.162" /><testcase classname="backend.tests.test_auth_security.TestPasswordValidation" name="test_register_weak_password_no_uppercase" time="0.113" /><testcase classname="backend.tests.test_auth_security.TestPasswordValidation" name="test_register_weak_password_no_lowercase" time="0.118" /><testcase classname="backend.tests.test_auth_security.TestPasswordValidation" name="test_register_weak_password_no_number" time="0.147" /><testcase classname="backend.tests.test_auth_security.TestPasswordValidation" name="test_register_weak_password_no_special" time="0.112" /><testcase classname="backend.tests.test_auth_security.TestPasswordValidation" name="test_register_weak_password_too_short" time="0.139" /><testcase classname="backend.tests.test_auth_security.TestTermsPrivacyRequirement" name="test_register_without_terms" time="0.113" /><testcase classname="backend.tests.test_auth_security.TestTermsPrivacyRequirement" name="test_register_without_privacy" time="0.155" /><testcase classname="backend.tests.test_auth_security.TestRegistrationAndLogin" name="test_register_with_strong_password" time="0.336" /><testcase classname="backend.tests.test_auth_security.TestRegistrationAndLogin" name="test_login_with_registered_user" time="0.693" /><testcase classname="backend.tests.test_auth_security.TestRegistrationAndLogin" name="test_login_invalid_credentials" time="0.201" /><testcase classname="backend.tests.test_auth_security.TestRegistrationAndLogin" name="test_duplicate_registration" time="0.461" /><testcase classname="backend.tests.test_auth_security.TestLegalPages" name="test_get_terms_of_service" time="0.107" /><testcase classname="backend.tests.test_auth_security.TestLegalPages" name="test_get_privacy_policy" time="0.105" /><testcase classname="backend.tests.test_auth_security.TestUserSettings" name="test_get_user_preferences" time="0.469" /><testcase classname="backend.tests.test_auth_security.TestUserSettings" name="test_update_user_preferences" time="0.467" /><testcase classname="backend.tests.test_auth_security.TestUserSettings" name="test_update_consent" time="0.507" /><testcase classname="backend.tests.test_auth_security.TestUserSettings" name="test_export_user_data" time="0.473" /><testcase classname="backend.tests.test_auth_security.TestUserSettings" name="test_change_password" time="0.126"><error message="failed on setup with &quot;assert 429 == 200&#10; +  where 429 = &lt;Response [429]&gt;.status_code&quot;">backend/tests/test_auth_security.py:256: in auth_header
    assert response.status_code == 200
E   assert 429 == 200
E    +  where 429 = &lt;Response [429]&gt;.status_code</error></testcase><testcase classname="backend.tests.test_auth_security.TestUserSettings" name="test_change_password_wrong_old" time="0.135"><error message="failed on setup with &quot;assert 429 == 200&#10; +  where 429 = &lt;Response [429]&gt;.status_code&quot;">backend/tests/test_auth_security.py:256: in auth_header
    assert response.status_code == 200
E   assert 429 == 200
E    +  where 429 = &lt;Response [429]&gt;.status_code</error></testcase><testcase classname="backend.tests.test_auth_security.TestAccountDeletion" name="test_request_and_cancel_deletion" time="0.567" /><testcase classname="backend.tests.test_auth_security.TestAuthMe" name="test_get_current_user" time="0.456" /><testcase classname="backend.tests.test_auth_security.TestAuthMe" name="test_get_current_user_unauthorized" time="0.104" /></testsuite></testsuites>